app/build/intermediates/manifest_merge_blame_file/debug/manifest-merger-blame-debug-report.txt
1<?xml version="1.0" encoding="utf-8"?>
2<manifest xmlns:android="http://schemas.android.com/apk/res/android"
3    package="com.codegrace.Saklo"
4    android:versionCode="1"
5    android:versionName="1.0" >
6
7    <uses-sdk
8        android:minSdkVersion="22"
8-->src\main\AndroidManifest.xml
9        android:targetSdkVersion="33" />
9-->src\main\AndroidManifest.xml
10
11    <uses-permission android:name="android.permission.INTERNET" />
11-->[com.google.firebase:firebase-auth:22.0.0] AndroidManifest.xml:25:5-67
11-->[com.google.firebase:firebase-auth:22.0.0] AndroidManifest.xml:25:22-64
12    <uses-permission android:name="android.permission.ACCESS_NETWORK_STATE" />
12-->[com.google.firebase:firebase-auth:22.0.0] AndroidManifest.xml:26:5-79
12-->[com.google.firebase:firebase-auth:22.0.0] AndroidManifest.xml:26:22-76
13    <uses-permission android:name="android.permission.WAKE_LOCK" />
13-->[com.google.android.gms:play-services-measurement-api:21.3.0] AndroidManifest.xml:24:5-68
13-->[com.google.android.gms:play-services-measurement-api:21.3.0] AndroidManifest.xml:24:22-65
14    <uses-permission android:name="com.google.android.gms.permission.AD_ID" />
14-->[com.google.android.gms:play-services-measurement-api:21.3.0] AndroidManifest.xml:25:5-79
14-->[com.google.android.gms:play-services-measurement-api:21.3.0] AndroidManifest.xml:25:22-76
15    <uses-permission android:name="com.google.android.finsky.permission.BIND_GET_INSTALL_REFERRER_SERVICE" />
15-->[com.google.android.gms:play-services-measurement:21.3.0] AndroidManifest.xml:26:5-110
15-->[com.google.android.gms:play-services-measurement:21.3.0] AndroidManifest.xml:26:22-107
16
17    <permission
17-->[androidx.core:core:1.10.1] AndroidManifest.xml:22:5-24:47
18        android:name="com.codegrace.Saklo.DYNAMIC_RECEIVER_NOT_EXPORTED_PERMISSION"
18-->[androidx.core:core:1.10.1] AndroidManifest.xml:23:9-81
19        android:protectionLevel="signature" />
19-->[androidx.core:core:1.10.1] AndroidManifest.xml:24:9-44
20
21    <uses-permission android:name="com.codegrace.Saklo.DYNAMIC_RECEIVER_NOT_EXPORTED_PERMISSION" />
21-->[androidx.core:core:1.10.1] AndroidManifest.xml:26:5-97
21-->[androidx.core:core:1.10.1] AndroidManifest.xml:26:22-94
22
23    <application
23-->src\main\AndroidManifest.xml:5:5-57:19
24        android:allowBackup="true"
24-->src\main\AndroidManifest.xml:6:9-35
25        android:appComponentFactory="androidx.core.app.CoreComponentFactory"
25-->[androidx.core:core:1.10.1] AndroidManifest.xml:28:18-86
26        android:dataExtractionRules="@xml/data_extraction_rules"
26-->src\main\AndroidManifest.xml:7:9-65
27        android:debuggable="true"
28        android:fullBackupContent="@xml/backup_rules"
28-->src\main\AndroidManifest.xml:8:9-54
29        android:icon="@drawable/logo"
29-->src\main\AndroidManifest.xml:9:9-38
30        android:label="@string/app_name"
30-->src\main\AndroidManifest.xml:10:9-41
31        android:roundIcon="@drawable/logo"
31-->src\main\AndroidManifest.xml:11:9-43
32        android:supportsRtl="true"
32-->src\main\AndroidManifest.xml:12:9-35
33        android:testOnly="true"
34        android:theme="@style/Theme.Saklo" >
34-->src\main\AndroidManifest.xml:13:9-43
35        <activity
35-->src\main\AndroidManifest.xml:15:9-17:40
36            android:name="com.codegrace.Saklo.activities.DrugsDetailsActivity"
36-->src\main\AndroidManifest.xml:16:13-60
37            android:exported="false" />
37-->src\main\AndroidManifest.xml:17:13-37
38        <activity
38-->src\main\AndroidManifest.xml:18:9-20:40
39            android:name="com.codegrace.Saklo.activities.RemediesDetailsActivity"
39-->src\main\AndroidManifest.xml:19:13-63
40            android:exported="false" />
40-->src\main\AndroidManifest.xml:20:13-37
41        <activity
41-->src\main\AndroidManifest.xml:21:9-30:20
42            android:name="com.codegrace.Saklo.activities.SplashActivity"
42-->src\main\AndroidManifest.xml:22:13-54
43            android:exported="true"
43-->src\main\AndroidManifest.xml:23:13-36
44            android:theme="@style/SplashTheme" >
44-->src\main\AndroidManifest.xml:24:13-47
45            <intent-filter>
45-->src\main\AndroidManifest.xml:25:13-29:29
46                <action android:name="android.intent.action.MAIN" />
46-->src\main\AndroidManifest.xml:26:17-69
46-->src\main\AndroidManifest.xml:26:25-66
47
48                <category android:name="android.intent.category.LAUNCHER" />
48-->src\main\AndroidManifest.xml:28:17-77
48-->src\main\AndroidManifest.xml:28:27-74
49            </intent-filter>
50        </activity>
51        <activity
51-->src\main\AndroidManifest.xml:31:9-40:20
52            android:name="com.codegrace.Saklo.activities.RegisterLoginActivity"
52-->src\main\AndroidManifest.xml:32:13-61
53            android:exported="true"
53-->src\main\AndroidManifest.xml:33:13-36
54            android:theme="@style/login_Theme" >
54-->src\main\AndroidManifest.xml:34:13-47
55            <intent-filter>
55-->src\main\AndroidManifest.xml:35:13-39:29
56                <action android:name="android.intent.action.VIEW" />
56-->src\main\AndroidManifest.xml:36:17-69
56-->src\main\AndroidManifest.xml:36:25-66
57
58                <category android:name="android.intent.category.DEFAULT" />
58-->src\main\AndroidManifest.xml:38:17-76
58-->src\main\AndroidManifest.xml:38:27-73
59            </intent-filter>
60        </activity>
61        <activity
61-->src\main\AndroidManifest.xml:41:9-44:51
62            android:name="com.codegrace.Saklo.activities.MainActivity"
62-->src\main\AndroidManifest.xml:42:13-52
63            android:exported="true"
63-->src\main\AndroidManifest.xml:43:13-36
64            android:theme="@style/GeneralTheme" />
64-->src\main\AndroidManifest.xml:44:13-48
65        <activity
65-->src\main\AndroidManifest.xml:45:9-48:51
66            android:name="com.codegrace.Saklo.activities.AppointmentActivity"
66-->src\main\AndroidManifest.xml:46:13-59
67            android:exported="true"
67-->src\main\AndroidManifest.xml:47:13-36
68            android:theme="@style/GeneralTheme" />
68-->src\main\AndroidManifest.xml:48:13-48
69        <activity
69-->src\main\AndroidManifest.xml:49:9-52:51
70            android:name="com.codegrace.Saklo.activities.RemediesActivity"
70-->src\main\AndroidManifest.xml:50:13-56
71            android:exported="true"
71-->src\main\AndroidManifest.xml:51:13-36
72            android:theme="@style/GeneralTheme" />
72-->src\main\AndroidManifest.xml:52:13-48
73        <activity
73-->src\main\AndroidManifest.xml:53:9-56:51
74            android:name="com.codegrace.Saklo.activities.DrugsActivity"
74-->src\main\AndroidManifest.xml:54:13-53
75            android:exported="true"
75-->src\main\AndroidManifest.xml:55:13-36
76            android:theme="@style/GeneralTheme" />
76-->src\main\AndroidManifest.xml:56:13-48
77        <activity
77-->[androidx.compose.ui:ui-tooling:1.3.0] AndroidManifest.xml:23:9-25:39
78            android:name="androidx.compose.ui.tooling.PreviewActivity"
78-->[androidx.compose.ui:ui-tooling:1.3.0] AndroidManifest.xml:24:13-71
79            android:exported="true" />
79-->[androidx.compose.ui:ui-tooling:1.3.0] AndroidManifest.xml:25:13-36
80        <activity
80-->[androidx.compose.ui:ui-test-manifest:1.3.0] AndroidManifest.xml:23:9-25:39
81            android:name="androidx.activity.ComponentActivity"
81-->[androidx.compose.ui:ui-test-manifest:1.3.0] AndroidManifest.xml:24:13-63
82            android:exported="true" />
82-->[androidx.compose.ui:ui-test-manifest:1.3.0] AndroidManifest.xml:25:13-36
83
84        <service
84-->[com.google.firebase:firebase-auth-ktx:22.0.0] AndroidManifest.xml:8:9-14:19
85            android:name="com.google.firebase.components.ComponentDiscoveryService"
85-->[com.google.firebase:firebase-auth-ktx:22.0.0] AndroidManifest.xml:9:13-84
86            android:directBootAware="true"
86-->[com.google.firebase:firebase-common:20.3.2] AndroidManifest.xml:34:13-43
87            android:exported="false" >
87-->[com.google.firebase:firebase-auth-ktx:22.0.0] AndroidManifest.xml:10:13-37
88            <meta-data
88-->[com.google.firebase:firebase-auth-ktx:22.0.0] AndroidManifest.xml:11:13-13:85
89                android:name="com.google.firebase.components:com.google.firebase.auth.ktx.FirebaseAuthKtxRegistrar"
89-->[com.google.firebase:firebase-auth-ktx:22.0.0] AndroidManifest.xml:12:17-116
90                android:value="com.google.firebase.components.ComponentRegistrar" />
90-->[com.google.firebase:firebase-auth-ktx:22.0.0] AndroidManifest.xml:13:17-82
91            <meta-data
91-->[com.google.firebase:firebase-auth:22.0.0] AndroidManifest.xml:69:13-71:85
92                android:name="com.google.firebase.components:com.google.firebase.auth.FirebaseAuthRegistrar"
92-->[com.google.firebase:firebase-auth:22.0.0] AndroidManifest.xml:70:17-109
93                android:value="com.google.firebase.components.ComponentRegistrar" />
93-->[com.google.firebase:firebase-auth:22.0.0] AndroidManifest.xml:71:17-82
94            <meta-data
94-->[com.google.firebase:firebase-database-ktx:20.2.2] AndroidManifest.xml:14:13-16:85
95                android:name="com.google.firebase.components:com.google.firebase.database.ktx.FirebaseDatabaseKtxRegistrar"
95-->[com.google.firebase:firebase-database-ktx:20.2.2] AndroidManifest.xml:15:17-124
96                android:value="com.google.firebase.components.ComponentRegistrar" />
96-->[com.google.firebase:firebase-database-ktx:20.2.2] AndroidManifest.xml:16:17-82
97            <meta-data
97-->[com.google.firebase:firebase-database:20.2.2] AndroidManifest.xml:31:13-33:85
98                android:name="com.google.firebase.components:com.google.firebase.database.DatabaseRegistrar"
98-->[com.google.firebase:firebase-database:20.2.2] AndroidManifest.xml:32:17-109
99                android:value="com.google.firebase.components.ComponentRegistrar" />
99-->[com.google.firebase:firebase-database:20.2.2] AndroidManifest.xml:33:17-82
100            <meta-data
100-->[com.google.firebase:firebase-storage-ktx:20.2.1] AndroidManifest.xml:14:13-16:85
101                android:name="com.google.firebase.components:com.google.firebase.storage.ktx.FirebaseStorageKtxRegistrar"
101-->[com.google.firebase:firebase-storage-ktx:20.2.1] AndroidManifest.xml:15:17-122
102                android:value="com.google.firebase.components.ComponentRegistrar" />
102-->[com.google.firebase:firebase-storage-ktx:20.2.1] AndroidManifest.xml:16:17-82
103            <meta-data
103-->[com.google.firebase:firebase-storage:20.2.1] AndroidManifest.xml:32:13-34:85
104                android:name="com.google.firebase.components:com.google.firebase.storage.StorageRegistrar"
104-->[com.google.firebase:firebase-storage:20.2.1] AndroidManifest.xml:33:17-107
105                android:value="com.google.firebase.components.ComponentRegistrar" />
105-->[com.google.firebase:firebase-storage:20.2.1] AndroidManifest.xml:34:17-82
106            <meta-data
106-->[com.google.android.gms:play-services-measurement-api:21.3.0] AndroidManifest.xml:31:13-33:85
107                android:name="com.google.firebase.components:com.google.firebase.analytics.connector.internal.AnalyticsConnectorRegistrar"
107-->[com.google.android.gms:play-services-measurement-api:21.3.0] AndroidManifest.xml:32:17-139
108                android:value="com.google.firebase.components.ComponentRegistrar" />
108-->[com.google.android.gms:play-services-measurement-api:21.3.0] AndroidManifest.xml:33:17-82
109            <meta-data
109-->[com.google.firebase:firebase-common-ktx:20.3.2] AndroidManifest.xml:14:13-16:85
110                android:name="com.google.firebase.components:com.google.firebase.ktx.FirebaseCommonKtxRegistrar"
110-->[com.google.firebase:firebase-common-ktx:20.3.2] AndroidManifest.xml:15:17-113
111                android:value="com.google.firebase.components.ComponentRegistrar" />
111-->[com.google.firebase:firebase-common-ktx:20.3.2] AndroidManifest.xml:16:17-82
112            <meta-data
112-->[com.google.firebase:firebase-installations:17.0.1] AndroidManifest.xml:18:13-20:85
113                android:name="com.google.firebase.components:com.google.firebase.installations.FirebaseInstallationsRegistrar"
113-->[com.google.firebase:firebase-installations:17.0.1] AndroidManifest.xml:19:17-127
114                android:value="com.google.firebase.components.ComponentRegistrar" />
114-->[com.google.firebase:firebase-installations:17.0.1] AndroidManifest.xml:20:17-82
115        </service>
116
117        <activity
117-->[com.google.firebase:firebase-auth:22.0.0] AndroidManifest.xml:29:9-46:20
118            android:name="com.google.firebase.auth.internal.GenericIdpActivity"
118-->[com.google.firebase:firebase-auth:22.0.0] AndroidManifest.xml:30:13-80
119            android:excludeFromRecents="true"
119-->[com.google.firebase:firebase-auth:22.0.0] AndroidManifest.xml:31:13-46
120            android:exported="true"
120-->[com.google.firebase:firebase-auth:22.0.0] AndroidManifest.xml:32:13-36
121            android:launchMode="singleTask"
121-->[com.google.firebase:firebase-auth:22.0.0] AndroidManifest.xml:33:13-44
122            android:theme="@android:style/Theme.Translucent.NoTitleBar" >
122-->[com.google.firebase:firebase-auth:22.0.0] AndroidManifest.xml:34:13-72
123            <intent-filter>
123-->[com.google.firebase:firebase-auth:22.0.0] AndroidManifest.xml:35:13-45:29
124                <action android:name="android.intent.action.VIEW" />
124-->src\main\AndroidManifest.xml:36:17-69
124-->src\main\AndroidManifest.xml:36:25-66
125
126                <category android:name="android.intent.category.DEFAULT" />
126-->src\main\AndroidManifest.xml:38:17-76
126-->src\main\AndroidManifest.xml:38:27-73
127                <category android:name="android.intent.category.BROWSABLE" />
127-->[com.google.firebase:firebase-auth:22.0.0] AndroidManifest.xml:39:17-78
127-->[com.google.firebase:firebase-auth:22.0.0] AndroidManifest.xml:39:27-75
128
129                <data
129-->[com.google.firebase:firebase-auth:22.0.0] AndroidManifest.xml:41:17-44:51
130                    android:host="firebase.auth"
130-->[com.google.firebase:firebase-auth:22.0.0] AndroidManifest.xml:42:21-49
131                    android:path="/"
131-->[com.google.firebase:firebase-auth:22.0.0] AndroidManifest.xml:43:21-37
132                    android:scheme="genericidp" />
132-->[com.google.firebase:firebase-auth:22.0.0] AndroidManifest.xml:44:21-48
133            </intent-filter>
134        </activity>
135        <activity
135-->[com.google.firebase:firebase-auth:22.0.0] AndroidManifest.xml:47:9-64:20
136            android:name="com.google.firebase.auth.internal.RecaptchaActivity"
136-->[com.google.firebase:firebase-auth:22.0.0] AndroidManifest.xml:48:13-79
137            android:excludeFromRecents="true"
137-->[com.google.firebase:firebase-auth:22.0.0] AndroidManifest.xml:49:13-46
138            android:exported="true"
138-->[com.google.firebase:firebase-auth:22.0.0] AndroidManifest.xml:50:13-36
139            android:launchMode="singleTask"
139-->[com.google.firebase:firebase-auth:22.0.0] AndroidManifest.xml:51:13-44
140            android:theme="@android:style/Theme.Translucent.NoTitleBar" >
140-->[com.google.firebase:firebase-auth:22.0.0] AndroidManifest.xml:52:13-72
141            <intent-filter>
141-->[com.google.firebase:firebase-auth:22.0.0] AndroidManifest.xml:53:13-63:29
142                <action android:name="android.intent.action.VIEW" />
142-->src\main\AndroidManifest.xml:36:17-69
142-->src\main\AndroidManifest.xml:36:25-66
143
144                <category android:name="android.intent.category.DEFAULT" />
144-->src\main\AndroidManifest.xml:38:17-76
144-->src\main\AndroidManifest.xml:38:27-73
145                <category android:name="android.intent.category.BROWSABLE" />
145-->[com.google.firebase:firebase-auth:22.0.0] AndroidManifest.xml:39:17-78
145-->[com.google.firebase:firebase-auth:22.0.0] AndroidManifest.xml:39:27-75
146
147                <data
147-->[com.google.firebase:firebase-auth:22.0.0] AndroidManifest.xml:41:17-44:51
148                    android:host="firebase.auth"
148-->[com.google.firebase:firebase-auth:22.0.0] AndroidManifest.xml:42:21-49
149                    android:path="/"
149-->[com.google.firebase:firebase-auth:22.0.0] AndroidManifest.xml:43:21-37
150                    android:scheme="recaptcha" />
150-->[com.google.firebase:firebase-auth:22.0.0] AndroidManifest.xml:44:21-48
151            </intent-filter>
152        </activity>
153
154        <provider
154-->[com.google.firebase:firebase-common:20.3.2] AndroidManifest.xml:25:9-30:39
155            android:name="com.google.firebase.provider.FirebaseInitProvider"
155-->[com.google.firebase:firebase-common:20.3.2] AndroidManifest.xml:26:13-77
156            android:authorities="com.codegrace.Saklo.firebaseinitprovider"
156-->[com.google.firebase:firebase-common:20.3.2] AndroidManifest.xml:27:13-72
157            android:directBootAware="true"
157-->[com.google.firebase:firebase-common:20.3.2] AndroidManifest.xml:28:13-43
158            android:exported="false"
158-->[com.google.firebase:firebase-common:20.3.2] AndroidManifest.xml:29:13-37
159            android:initOrder="100" />
159-->[com.google.firebase:firebase-common:20.3.2] AndroidManifest.xml:30:13-36
160
161        <activity
161-->[com.google.android.gms:play-services-base:18.1.0] AndroidManifest.xml:20:9-22:45
162            android:name="com.google.android.gms.common.api.GoogleApiActivity"
162-->[com.google.android.gms:play-services-base:18.1.0] AndroidManifest.xml:20:19-85
163            android:exported="false"
163-->[com.google.android.gms:play-services-base:18.1.0] AndroidManifest.xml:22:19-43
164            android:theme="@android:style/Theme.Translucent.NoTitleBar" />
164-->[com.google.android.gms:play-services-base:18.1.0] AndroidManifest.xml:21:19-78
165
166        <receiver
166-->[com.google.android.gms:play-services-measurement:21.3.0] AndroidManifest.xml:29:9-33:20
167            android:name="com.google.android.gms.measurement.AppMeasurementReceiver"
167-->[com.google.android.gms:play-services-measurement:21.3.0] AndroidManifest.xml:30:13-85
168            android:enabled="true"
168-->[com.google.android.gms:play-services-measurement:21.3.0] AndroidManifest.xml:31:13-35
169            android:exported="false" >
169-->[com.google.android.gms:play-services-measurement:21.3.0] AndroidManifest.xml:32:13-37
170        </receiver>
171
172        <service
172-->[com.google.android.gms:play-services-measurement:21.3.0] AndroidManifest.xml:35:9-38:40
173            android:name="com.google.android.gms.measurement.AppMeasurementService"
173-->[com.google.android.gms:play-services-measurement:21.3.0] AndroidManifest.xml:36:13-84
174            android:enabled="true"
174-->[com.google.android.gms:play-services-measurement:21.3.0] AndroidManifest.xml:37:13-35
175            android:exported="false" />
175-->[com.google.android.gms:play-services-measurement:21.3.0] AndroidManifest.xml:38:13-37
176        <service
176-->[com.google.android.gms:play-services-measurement:21.3.0] AndroidManifest.xml:39:9-43:72
177            android:name="com.google.android.gms.measurement.AppMeasurementJobService"
177-->[com.google.android.gms:play-services-measurement:21.3.0] AndroidManifest.xml:40:13-87
178            android:enabled="true"
178-->[com.google.android.gms:play-services-measurement:21.3.0] AndroidManifest.xml:41:13-35
179            android:exported="false"
179-->[com.google.android.gms:play-services-measurement:21.3.0] AndroidManifest.xml:42:13-37
180            android:permission="android.permission.BIND_JOB_SERVICE" />
180-->[com.google.android.gms:play-services-measurement:21.3.0] AndroidManifest.xml:43:13-69
181
182        <meta-data
182-->[com.google.android.gms:play-services-basement:18.1.0] AndroidManifest.xml:21:9-23:69
183            android:name="com.google.android.gms.version"
183-->[com.google.android.gms:play-services-basement:18.1.0] AndroidManifest.xml:22:13-58
184            android:value="@integer/google_play_services_version" />
184-->[com.google.android.gms:play-services-basement:18.1.0] AndroidManifest.xml:23:13-66
185
186        <provider
186-->[androidx.emoji2:emoji2:1.2.0] AndroidManifest.xml:24:9-32:20
187            android:name="androidx.startup.InitializationProvider"
187-->[androidx.emoji2:emoji2:1.2.0] AndroidManifest.xml:25:13-67
188            android:authorities="com.codegrace.Saklo.androidx-startup"
188-->[androidx.emoji2:emoji2:1.2.0] AndroidManifest.xml:26:13-68
189            android:exported="false" >
189-->[androidx.emoji2:emoji2:1.2.0] AndroidManifest.xml:27:13-37
190            <meta-data
190-->[androidx.emoji2:emoji2:1.2.0] AndroidManifest.xml:29:13-31:52
191                android:name="androidx.emoji2.text.EmojiCompatInitializer"
191-->[androidx.emoji2:emoji2:1.2.0] AndroidManifest.xml:30:17-75
192                android:value="androidx.startup" />
192-->[androidx.emoji2:emoji2:1.2.0] AndroidManifest.xml:31:17-49
193            <meta-data
193-->[androidx.lifecycle:lifecycle-process:2.6.1] AndroidManifest.xml:29:13-31:52
194                android:name="androidx.lifecycle.ProcessLifecycleInitializer"
194-->[androidx.lifecycle:lifecycle-process:2.6.1] AndroidManifest.xml:30:17-78
195                android:value="androidx.startup" />
195-->[androidx.lifecycle:lifecycle-process:2.6.1] AndroidManifest.xml:31:17-49
196            <meta-data
196-->[androidx.profileinstaller:profileinstaller:1.3.0] AndroidManifest.xml:29:13-31:52
197                android:name="androidx.profileinstaller.ProfileInstallerInitializer"
197-->[androidx.profileinstaller:profileinstaller:1.3.0] AndroidManifest.xml:30:17-85
198                android:value="androidx.startup" />
198-->[androidx.profileinstaller:profileinstaller:1.3.0] AndroidManifest.xml:31:17-49
199        </provider>
200
201        <uses-library
201-->[androidx.window:window:1.0.0] AndroidManifest.xml:25:9-27:40
202            android:name="androidx.window.extensions"
202-->[androidx.window:window:1.0.0] AndroidManifest.xml:26:13-54
203            android:required="false" />
203-->[androidx.window:window:1.0.0] AndroidManifest.xml:27:13-37
204        <uses-library
204-->[androidx.window:window:1.0.0] AndroidManifest.xml:28:9-30:40
205            android:name="androidx.window.sidecar"
205-->[androidx.window:window:1.0.0] AndroidManifest.xml:29:13-51
206            android:required="false" />
206-->[androidx.window:window:1.0.0] AndroidManifest.xml:30:13-37
207
208        <service
208-->[androidx.room:room-runtime:2.5.2] AndroidManifest.xml:24:9-28:63
209            android:name="androidx.room.MultiInstanceInvalidationService"
209-->[androidx.room:room-runtime:2.5.2] AndroidManifest.xml:25:13-74
210            android:directBootAware="true"
210-->[androidx.room:room-runtime:2.5.2] AndroidManifest.xml:26:13-43
211            android:exported="false" />
211-->[androidx.room:room-runtime:2.5.2] AndroidManifest.xml:27:13-37
212
213        <receiver
213-->[androidx.profileinstaller:profileinstaller:1.3.0] AndroidManifest.xml:34:9-52:20
214            android:name="androidx.profileinstaller.ProfileInstallReceiver"
214-->[androidx.profileinstaller:profileinstaller:1.3.0] AndroidManifest.xml:35:13-76
215            android:directBootAware="false"
215-->[androidx.profileinstaller:profileinstaller:1.3.0] AndroidManifest.xml:36:13-44
216            android:enabled="true"
216-->[androidx.profileinstaller:profileinstaller:1.3.0] AndroidManifest.xml:37:13-35
217            android:exported="true"
217-->[androidx.profileinstaller:profileinstaller:1.3.0] AndroidManifest.xml:38:13-36
218            android:permission="android.permission.DUMP" >
218-->[androidx.profileinstaller:profileinstaller:1.3.0] AndroidManifest.xml:39:13-57
219            <intent-filter>
219-->[androidx.profileinstaller:profileinstaller:1.3.0] AndroidManifest.xml:40:13-42:29
220                <action android:name="androidx.profileinstaller.action.INSTALL_PROFILE" />
220-->[androidx.profileinstaller:profileinstaller:1.3.0] AndroidManifest.xml:41:17-91
220-->[androidx.profileinstaller:profileinstaller:1.3.0] AndroidManifest.xml:41:25-88
221            </intent-filter>
222            <intent-filter>
222-->[androidx.profileinstaller:profileinstaller:1.3.0] AndroidManifest.xml:43:13-45:29
223                <action android:name="androidx.profileinstaller.action.SKIP_FILE" />
223-->[androidx.profileinstaller:profileinstaller:1.3.0] AndroidManifest.xml:44:17-85
223-->[androidx.profileinstaller:profileinstaller:1.3.0] AndroidManifest.xml:44:25-82
224            </intent-filter>
225            <intent-filter>
225-->[androidx.profileinstaller:profileinstaller:1.3.0] AndroidManifest.xml:46:13-48:29
226                <action android:name="androidx.profileinstaller.action.SAVE_PROFILE" />
226-->[androidx.profileinstaller:profileinstaller:1.3.0] AndroidManifest.xml:47:17-88
226-->[androidx.profileinstaller:profileinstaller:1.3.0] AndroidManifest.xml:47:25-85
227            </intent-filter>
228            <intent-filter>
228-->[androidx.profileinstaller:profileinstaller:1.3.0] AndroidManifest.xml:49:13-51:29
229                <action android:name="androidx.profileinstaller.action.BENCHMARK_OPERATION" />
229-->[androidx.profileinstaller:profileinstaller:1.3.0] AndroidManifest.xml:50:17-95
229-->[androidx.profileinstaller:profileinstaller:1.3.0] AndroidManifest.xml:50:25-92
230            </intent-filter>
231        </receiver>
232    </application>
233
234</manifest>